<?xml version="1.0" encoding="UTF-8"?>
<!-- Generated by org.testng.reporters.JUnitReportReporter -->
<testsuite skipped="0" hostname="Sanjeet3149591" name="com.nagarro.testCases.PlaceOrderWithInvalideScenaioTest" tests="2" failures="0" timestamp="17 Dec 2018 16:26:34 GMT" time="0.808" errors="0">
  <testcase name="placeNewOrderInPast" time="0.519" classname="com.nagarro.testCases.PlaceOrderWithInvalideScenaioTest"/>
  <testcase name="placeNewOrderWithWronJson" time="0.289" classname="com.nagarro.testCases.PlaceOrderWithInvalideScenaioTest"/>
</testsuite> <!-- com.nagarro.testCases.PlaceOrderWithInvalideScenaioTest -->
