<?xml version="1.0" encoding="UTF-8"?>
<!-- Generated by org.testng.reporters.JUnitReportReporter -->
<testsuite skipped="0" hostname="Sanjeet3149591" name="com.nagarro.Util.TravelCostCalculation" tests="1" failures="0" timestamp="16 Dec 2018 12:24:44 GMT" time="0.097" errors="0">
  <testcase name="TravelCostInBetween9to5TimeStamp" time="0.097" classname="com.nagarro.Util.TravelCostCalculation"/>
</testsuite> <!-- com.nagarro.Util.TravelCostCalculation -->
