<?xml version="1.0" encoding="UTF-8"?>
<!-- Generated by org.testng.reporters.JUnitReportReporter -->
<testsuite skipped="0" hostname="Sanjeet3149591" name="com.nagarro.testCases.PlaceOrderInPastorWithWrongJsonTest" tests="2" failures="0" timestamp="17 Dec 2018 12:58:35 GMT" time="0.176" errors="0">
  <testcase name="placeNewOrderInPast" time="0.092" classname="com.nagarro.testCases.PlaceOrderInPastorWithWrongJsonTest"/>
  <testcase name="placeNewOrderWithWronJson" time="0.084" classname="com.nagarro.testCases.PlaceOrderInPastorWithWrongJsonTest"/>
</testsuite> <!-- com.nagarro.testCases.PlaceOrderInPastorWithWrongJsonTest -->
