<?xml version="1.0" encoding="UTF-8"?>
<!-- Generated by org.testng.reporters.JUnitReportReporter -->
<testsuite skipped="0" hostname="Sanjeet3149591" name="com.nagarro.testCases.PlaceOrderInPastorWrongJson" tests="2" failures="0" timestamp="17 Dec 2018 11:18:13 GMT" time="0.134" errors="0">
  <testcase name="placeNewOrderInPast" time="0.070" classname="com.nagarro.testCases.PlaceOrderInPastorWrongJson"/>
  <testcase name="placeNewOrderWithWronJson" time="0.064" classname="com.nagarro.testCases.PlaceOrderInPastorWrongJson"/>
</testsuite> <!-- com.nagarro.testCases.PlaceOrderInPastorWrongJson -->
