<?xml version="1.0" encoding="UTF-8"?>
<!-- Generated by org.testng.reporters.JUnitReportReporter -->
<testsuite skipped="0" hostname="Sanjeet3149591" name="com.nagarro.TestCases.PlaceOrderInPastorWrongJson" tests="1" failures="0" timestamp="17 Dec 2018 04:40:08 GMT" time="0.091" errors="0">
  <testcase name="placeNewOrderInPastorWrongJson" time="0.091" classname="com.nagarro.TestCases.PlaceOrderInPastorWrongJson"/>
</testsuite> <!-- com.nagarro.TestCases.PlaceOrderInPastorWrongJson -->
