<?xml version="1.0" encoding="UTF-8"?>
<!-- Generated by org.testng.reporters.JUnitReportReporter -->
<testsuite skipped="0" hostname="Sanjeet3149591" name="com.nagarro.TestCases.TestcasesForOrderPlacedInFuture" tests="2" failures="0" timestamp="16 Dec 2018 13:00:32 GMT" time="6.165" errors="0">
  <testcase name="placeNewOrderInPresent" time="5.349" classname="com.nagarro.TestCases.TestcasesForOrderPlacedInFuture"/>
  <testcase name="fetchTheOrderDetails" time="0.816" classname="com.nagarro.TestCases.TestcasesForOrderPlacedInFuture"/>
</testsuite> <!-- com.nagarro.TestCases.TestcasesForOrderPlacedInFuture -->
