<?xml version="1.0" encoding="UTF-8"?>
<!-- Generated by org.testng.reporters.JUnitReportReporter -->
<testsuite skipped="0" hostname="Sanjeet3149591" name="com.nagarro.testCases.TestCasesForPlaceOrderWithInvalideScenaio" tests="2" failures="0" timestamp="18 Dec 2018 12:39:45 GMT" time="0.175" errors="0">
  <testcase name="placeNewOrderInPast" time="0.091" classname="com.nagarro.testCases.TestCasesForPlaceOrderWithInvalideScenaio"/>
  <testcase name="placeNewOrderWithWronJson" time="0.084" classname="com.nagarro.testCases.TestCasesForPlaceOrderWithInvalideScenaio"/>
</testsuite> <!-- com.nagarro.testCases.TestCasesForPlaceOrderWithInvalideScenaio -->
