<?xml version="1.0" encoding="UTF-8"?>
<!-- Generated by org.testng.reporters.JUnitReportReporter -->
<testsuite skipped="0" hostname="Sanjeet3149591" name="com.nagarro.TestCases.Testcases" tests="3" failures="0" timestamp="16 Dec 2018 07:26:22 GMT" time="7.702" errors="0">
  <testcase name="placeNewOrderInPresent" time="5.589" classname="com.nagarro.TestCases.Testcases"/>
  <testcase name="cancelOrder" time="0.343" classname="com.nagarro.TestCases.Testcases"/>
  <testcase name="fetchTheOrderDetails" time="1.770" classname="com.nagarro.TestCases.Testcases"/>
</testsuite> <!-- com.nagarro.TestCases.Testcases -->
