<?xml version="1.0" encoding="UTF-8"?>
<!-- Generated by org.testng.reporters.JUnitReportReporter -->
<testsuite skipped="0" hostname="Sanjeet3149591" name="com.nagarro.testCases.TestCasesForPlaceOrderWithInvalideScenaio" tests="2" failures="0" timestamp="05 Jan 2019 03:27:49 GMT" time="10.665" errors="0">
  <testcase name="placeNewOrderInPast" time="8.129" classname="com.nagarro.testCases.TestCasesForPlaceOrderWithInvalideScenaio"/>
  <testcase name="placeNewOrderWithWronJson" time="2.536" classname="com.nagarro.testCases.TestCasesForPlaceOrderWithInvalideScenaio"/>
</testsuite> <!-- com.nagarro.testCases.TestCasesForPlaceOrderWithInvalideScenaio -->
