<?xml version="1.0" encoding="UTF-8"?>
<!-- Generated by org.testng.reporters.JUnitReportReporter -->
<testsuite skipped="0" hostname="Sanjeet3149591" name="com.nagarro.testCases.TestcasesForMoreThan3StopsInPresentFuture" tests="16" failures="1" timestamp="20 Dec 2018 16:56:44 GMT" time="48.341" errors="0">
  <testcase name="testcase_Verify_PlaceNewOrder" time="0.865" classname="com.nagarro.testCases.TestcasesForMoreThan3StopsInPresentFuture"/>
  <testcase name="testcases_Verify__CancelOrder" time="1.315" classname="com.nagarro.testCases.TestcasesForMoreThan3StopsInPresentFuture"/>
  <testcase name="testcases_Verify__FetchTheOrderDetails" time="1.230" classname="com.nagarro.testCases.TestcasesForMoreThan3StopsInPresentFuture"/>
  <testcase name="testcases_Verify__TakeTheOrderDetails" time="0.282" classname="com.nagarro.testCases.TestcasesForMoreThan3StopsInPresentFuture"/>
  <testcase name="testcases_Verify__CompleteTheOrderDetails" time="0.584" classname="com.nagarro.testCases.TestcasesForMoreThan3StopsInPresentFuture"/>
  <testcase name="testcases_Verify__TakeTheOngoingOrder" time="7.798" classname="com.nagarro.testCases.TestcasesForMoreThan3StopsInPresentFuture"/>
  <testcase name="testcases_Verify__TakeTheCompletedOrder" time="3.683" classname="com.nagarro.testCases.TestcasesForMoreThan3StopsInPresentFuture"/>
  <testcase name="testcases_Verify__TakeTheCancelledOrder" time="3.166" classname="com.nagarro.testCases.TestcasesForMoreThan3StopsInPresentFuture"/>
  <testcase name="testcases_Verify__CompleteTheNewOrder" time="1.674" classname="com.nagarro.testCases.TestcasesForMoreThan3StopsInPresentFuture"/>
  <testcase name="testcases_Verify__CompleteTheOrderAfterCompleted" time="6.800" classname="com.nagarro.testCases.TestcasesForMoreThan3StopsInPresentFuture"/>
  <testcase name="testcases_Verify__CancelTheOrderAfterCompleted" time="3.043" classname="com.nagarro.testCases.TestcasesForMoreThan3StopsInPresentFuture"/>
  <testcase name="testcases_Verify__TakeTheOrderAfterCompleted" time="2.879" classname="com.nagarro.testCases.TestcasesForMoreThan3StopsInPresentFuture"/>
  <testcase name="testcases_Verify__CancelTheOrderAfterCancel" time="4.162" classname="com.nagarro.testCases.TestcasesForMoreThan3StopsInPresentFuture">
    <failure type="java.lang.AssertionError" message="Status code is not 422 expected [422] but found [200]">
      <![CDATA[java.lang.AssertionError: Status code is not 422 expected [422] but found [200]
at org.testng.Assert.fail(Assert.java:96)
at org.testng.Assert.failNotEquals(Assert.java:776)
at org.testng.Assert.assertEqualsImpl(Assert.java:137)
at org.testng.Assert.assertEquals(Assert.java:118)
at org.testng.Assert.assertEquals(Assert.java:652)
at com.nagarro.util.CommonUtility.Verify_ResponseCode422(CommonUtility.java:211)
at com.nagarro.testCases.TestcasesForMoreThan3StopsInPresentFuture.testcases_Verify__CancelTheOrderAfterCancel(TestcasesForMoreThan3StopsInPresentFuture.java:324)
at sun.reflect.NativeMethodAccessorImpl.invoke0(Native Method)
at sun.reflect.NativeMethodAccessorImpl.invoke(NativeMethodAccessorImpl.java:62)
at sun.reflect.DelegatingMethodAccessorImpl.invoke(DelegatingMethodAccessorImpl.java:43)
at java.lang.reflect.Method.invoke(Method.java:498)
at org.testng.internal.MethodInvocationHelper.invokeMethod(MethodInvocationHelper.java:124)
at org.testng.internal.Invoker.invokeMethod(Invoker.java:583)
at org.testng.internal.Invoker.invokeTestMethod(Invoker.java:719)
at org.testng.internal.Invoker.invokeTestMethods(Invoker.java:989)
at org.testng.internal.TestMethodWorker.invokeTestMethods(TestMethodWorker.java:125)
at org.testng.internal.TestMethodWorker.run(TestMethodWorker.java:109)
at org.testng.TestRunner.privateRun(TestRunner.java:648)
at org.testng.TestRunner.run(TestRunner.java:505)
at org.testng.SuiteRunner.runTest(SuiteRunner.java:455)
at org.testng.SuiteRunner.runSequentially(SuiteRunner.java:450)
at org.testng.SuiteRunner.privateRun(SuiteRunner.java:415)
at org.testng.SuiteRunner.run(SuiteRunner.java:364)
at org.testng.SuiteRunnerWorker.runSuite(SuiteRunnerWorker.java:52)
at org.testng.SuiteRunnerWorker.run(SuiteRunnerWorker.java:84)
at org.testng.TestNG.runSuitesSequentially(TestNG.java:1208)
at org.testng.TestNG.runSuitesLocally(TestNG.java:1137)
at org.testng.TestNG.runSuites(TestNG.java:1049)
at org.testng.TestNG.run(TestNG.java:1017)
at org.testng.remote.AbstractRemoteTestNG.run(AbstractRemoteTestNG.java:114)
at org.testng.remote.RemoteTestNG.initAndRun(RemoteTestNG.java:251)
at org.testng.remote.RemoteTestNG.main(RemoteTestNG.java:77)
]]>
    </failure>
  </testcase> <!-- testcases_Verify__CancelTheOrderAfterCancel -->
  <testcase name="testcases_Verify__CompleteTheOrderAfterCancel" time="6.924" classname="com.nagarro.testCases.TestcasesForMoreThan3StopsInPresentFuture"/>
  <testcase name="testcases_Verify__TakeTheOrderAfterCancelled" time="3.533" classname="com.nagarro.testCases.TestcasesForMoreThan3StopsInPresentFuture"/>
  <testcase name="testcases_Verify__FetchTheOrderDetailsNotCreated" time="0.403" classname="com.nagarro.testCases.TestcasesForMoreThan3StopsInPresentFuture"/>
</testsuite> <!-- com.nagarro.testCases.TestcasesForMoreThan3StopsInPresentFuture -->
